DEPRECATION WARNING: Non-URL-safe CSRF tokens are deprecated. Use 6.1 defaults or above. (called from block (3 levels) in <class:Railtie> at /home/lewis/Farmart/vendor/bundle/ruby/3.0.0/gems/actionpack-7.0.4.3/lib/action_controller/railtie.rb:80)
DEPRECATION WARNING: Using legacy connection handling is deprecated. Please set
`legacy_connection_handling` to `false` in your application.

The new connection handling does not support `connection_handlers`
getter and setter.

Read more about how to migrate at: https://guides.rubyonrails.org/active_record_multiple_databases.html#migrate-to-the-new-connection-handling
 (called from block (2 levels) in <class:Railtie> at /home/lewis/Farmart/vendor/bundle/ruby/3.0.0/gems/activerecord-7.0.4.3/lib/active_record/railtie.rb:264)
Started GET "/validate" for ::1 at 2023-05-01 01:10:13 +0300
  [1m[36mActiveRecord::SchemaMigration Pluck (2.3ms)[0m  [1m[34mSELECT "schema_migrations"."version" FROM "schema_migrations" ORDER BY "schema_migrations"."version" ASC[0m
Processing by UsersController#validate as */*
  [1m[36mUser Load (0.6ms)[0m  [1m[34mSELECT "users".* FROM "users" WHERE "users"."id" = $1 LIMIT $2[0m  [["id", 4], ["LIMIT", 1]]
  ↳ app/controllers/application_controller.rb:5:in `get_current_user'
[active_model_serializers] Rendered ActiveModel::Serializer::Null with Hash (0.18ms)
Completed 404 Not Found in 31ms (Views: 1.8ms | ActiveRecord: 4.5ms | Allocations: 9257)


Started GET "/products" for ::1 at 2023-05-01 01:10:14 +0300
Processing by ProductsController#index as */*
  [1m[36mProduct Load (3.3ms)[0m  [1m[34mSELECT "products".* FROM "products"[0m
  ↳ app/controllers/products_controller.rb:4:in `index'
Started GET "/categories" for ::1 at 2023-05-01 01:10:14 +0300
Processing by CategoriesController#index as */*
  [1m[36mCategory Load (3.5ms)[0m  [1m[34mSELECT "categories".* FROM "categories"[0m
  ↳ app/controllers/categories_controller.rb:5:in `map'
No serializer found for resource: "Farm Products"
[active_model_serializers] Rendered ActiveModel::Serializer::CollectionSerializer with Array (0.14ms)
Completed 200 OK in 68ms (Views: 4.0ms | ActiveRecord: 32.4ms | Allocations: 13040)


[active_model_serializers]   [1m[36mCategory Load (6.6ms)[0m  [1m[34mSELECT "categories".* FROM "categories" WHERE "categories"."id" = $1 LIMIT $2[0m  [["id", 1], ["LIMIT", 1]]
[active_model_serializers]   ↳ app/controllers/products_controller.rb:4:in `index'
[active_model_serializers]   [1m[36mCategory Load (0.8ms)[0m  [1m[34mSELECT "categories".* FROM "categories" WHERE "categories"."id" = $1 LIMIT $2[0m  [["id", 2], ["LIMIT", 1]]
[active_model_serializers]   ↳ app/controllers/products_controller.rb:4:in `index'
[active_model_serializers]   [1m[36mCACHE Category Load (0.0ms)[0m  [1m[34mSELECT "categories".* FROM "categories" WHERE "categories"."id" = $1 LIMIT $2[0m  [["id", 1], ["LIMIT", 1]]
[active_model_serializers]   ↳ app/controllers/products_controller.rb:4:in `index'
[active_model_serializers]   [1m[36mCACHE Category Load (0.0ms)[0m  [1m[34mSELECT "categories".* FROM "categories" WHERE "categories"."id" = $1 LIMIT $2[0m  [["id", 1], ["LIMIT", 1]]
[active_model_serializers]   ↳ app/controllers/products_controller.rb:4:in `index'
[active_model_serializers]   [1m[36mCACHE Category Load (0.0ms)[0m  [1m[34mSELECT "categories".* FROM "categories" WHERE "categories"."id" = $1 LIMIT $2[0m  [["id", 1], ["LIMIT", 1]]
[active_model_serializers]   ↳ app/controllers/products_controller.rb:4:in `index'
[active_model_serializers]   [1m[36mCACHE Category Load (0.0ms)[0m  [1m[34mSELECT "categories".* FROM "categories" WHERE "categories"."id" = $1 LIMIT $2[0m  [["id", 1], ["LIMIT", 1]]
[active_model_serializers]   ↳ app/controllers/products_controller.rb:4:in `index'
[active_model_serializers]   [1m[36mCACHE Category Load (0.0ms)[0m  [1m[34mSELECT "categories".* FROM "categories" WHERE "categories"."id" = $1 LIMIT $2[0m  [["id", 1], ["LIMIT", 1]]
[active_model_serializers]   ↳ app/controllers/products_controller.rb:4:in `index'
[active_model_serializers]   [1m[36mCACHE Category Load (0.0ms)[0m  [1m[34mSELECT "categories".* FROM "categories" WHERE "categories"."id" = $1 LIMIT $2[0m  [["id", 2], ["LIMIT", 1]]
[active_model_serializers]   ↳ app/controllers/products_controller.rb:4:in `index'
[active_model_serializers]   [1m[36mCACHE Category Load (0.0ms)[0m  [1m[34mSELECT "categories".* FROM "categories" WHERE "categories"."id" = $1 LIMIT $2[0m  [["id", 2], ["LIMIT", 1]]
[active_model_serializers]   ↳ app/controllers/products_controller.rb:4:in `index'
[active_model_serializers]   [1m[36mCACHE Category Load (0.0ms)[0m  [1m[34mSELECT "categories".* FROM "categories" WHERE "categories"."id" = $1 LIMIT $2[0m  [["id", 2], ["LIMIT", 1]]
[active_model_serializers]   ↳ app/controllers/products_controller.rb:4:in `index'
[active_model_serializers]   [1m[36mCACHE Category Load (0.0ms)[0m  [1m[34mSELECT "categories".* FROM "categories" WHERE "categories"."id" = $1 LIMIT $2[0m  [["id", 2], ["LIMIT", 1]]
[active_model_serializers]   ↳ app/controllers/products_controller.rb:4:in `index'
[active_model_serializers]   [1m[36mCategory Load (0.4ms)[0m  [1m[34mSELECT "categories".* FROM "categories" WHERE "categories"."id" = $1 LIMIT $2[0m  [["id", 3], ["LIMIT", 1]]
[active_model_serializers]   ↳ app/controllers/products_controller.rb:4:in `index'
[active_model_serializers]   [1m[36mCACHE Category Load (0.0ms)[0m  [1m[34mSELECT "categories".* FROM "categories" WHERE "categories"."id" = $1 LIMIT $2[0m  [["id", 3], ["LIMIT", 1]]
[active_model_serializers]   ↳ app/controllers/products_controller.rb:4:in `index'
[active_model_serializers]   [1m[36mCACHE Category Load (0.0ms)[0m  [1m[34mSELECT "categories".* FROM "categories" WHERE "categories"."id" = $1 LIMIT $2[0m  [["id", 3], ["LIMIT", 1]]
[active_model_serializers]   ↳ app/controllers/products_controller.rb:4:in `index'
[active_model_serializers]   [1m[36mCACHE Category Load (0.0ms)[0m  [1m[34mSELECT "categories".* FROM "categories" WHERE "categories"."id" = $1 LIMIT $2[0m  [["id", 3], ["LIMIT", 1]]
[active_model_serializers]   ↳ app/controllers/products_controller.rb:4:in `index'
[active_model_serializers]   [1m[36mCACHE Category Load (0.0ms)[0m  [1m[34mSELECT "categories".* FROM "categories" WHERE "categories"."id" = $1 LIMIT $2[0m  [["id", 3], ["LIMIT", 1]]
[active_model_serializers]   ↳ app/controllers/products_controller.rb:4:in `index'
[active_model_serializers]   [1m[36mCACHE Category Load (0.0ms)[0m  [1m[34mSELECT "categories".* FROM "categories" WHERE "categories"."id" = $1 LIMIT $2[0m  [["id", 2], ["LIMIT", 1]]
[active_model_serializers]   ↳ app/controllers/products_controller.rb:4:in `index'
[active_model_serializers]   [1m[36mCACHE Category Load (0.0ms)[0m  [1m[34mSELECT "categories".* FROM "categories" WHERE "categories"."id" = $1 LIMIT $2[0m  [["id", 2], ["LIMIT", 1]]
[active_model_serializers]   ↳ app/controllers/products_controller.rb:4:in `index'
[active_model_serializers]   [1m[36mCACHE Category Load (0.0ms)[0m  [1m[34mSELECT "categories".* FROM "categories" WHERE "categories"."id" = $1 LIMIT $2[0m  [["id", 1], ["LIMIT", 1]]
[active_model_serializers]   ↳ app/controllers/products_controller.rb:4:in `index'
[active_model_serializers]   [1m[36mCACHE Category Load (0.0ms)[0m  [1m[34mSELECT "categories".* FROM "categories" WHERE "categories"."id" = $1 LIMIT $2[0m  [["id", 2], ["LIMIT", 1]]
[active_model_serializers]   ↳ app/controllers/products_controller.rb:4:in `index'
[active_model_serializers]   [1m[36mCACHE Category Load (0.0ms)[0m  [1m[34mSELECT "categories".* FROM "categories" WHERE "categories"."id" = $1 LIMIT $2[0m  [["id", 1], ["LIMIT", 1]]
[active_model_serializers]   ↳ app/controllers/products_controller.rb:4:in `index'
[active_model_serializers]   [1m[36mCACHE Category Load (0.0ms)[0m  [1m[34mSELECT "categories".* FROM "categories" WHERE "categories"."id" = $1 LIMIT $2[0m  [["id", 1], ["LIMIT", 1]]
[active_model_serializers]   ↳ app/controllers/products_controller.rb:4:in `index'
[active_model_serializers]   [1m[36mCACHE Category Load (0.0ms)[0m  [1m[34mSELECT "categories".* FROM "categories" WHERE "categories"."id" = $1 LIMIT $2[0m  [["id", 2], ["LIMIT", 1]]
[active_model_serializers]   ↳ app/controllers/products_controller.rb:4:in `index'
[active_model_serializers]   [1m[36mCACHE Category Load (0.0ms)[0m  [1m[34mSELECT "categories".* FROM "categories" WHERE "categories"."id" = $1 LIMIT $2[0m  [["id", 2], ["LIMIT", 1]]
[active_model_serializers]   ↳ app/controllers/products_controller.rb:4:in `index'
[active_model_serializers]   [1m[36mCACHE Category Load (0.0ms)[0m  [1m[34mSELECT "categories".* FROM "categories" WHERE "categories"."id" = $1 LIMIT $2[0m  [["id", 3], ["LIMIT", 1]]
[active_model_serializers]   ↳ app/controllers/products_controller.rb:4:in `index'
[active_model_serializers]   [1m[36mCACHE Category Load (0.0ms)[0m  [1m[34mSELECT "categories".* FROM "categories" WHERE "categories"."id" = $1 LIMIT $2[0m  [["id", 3], ["LIMIT", 1]]
[active_model_serializers]   ↳ app/controllers/products_controller.rb:4:in `index'
[active_model_serializers]   [1m[36mCACHE Category Load (0.0ms)[0m  [1m[34mSELECT "categories".* FROM "categories" WHERE "categories"."id" = $1 LIMIT $2[0m  [["id", 3], ["LIMIT", 1]]
[active_model_serializers]   ↳ app/controllers/products_controller.rb:4:in `index'
[active_model_serializers]   [1m[36mCACHE Category Load (0.1ms)[0m  [1m[34mSELECT "categories".* FROM "categories" WHERE "categories"."id" = $1 LIMIT $2[0m  [["id", 3], ["LIMIT", 1]]
[active_model_serializers]   ↳ app/controllers/products_controller.rb:4:in `index'
[active_model_serializers]   [1m[36mCACHE Category Load (0.0ms)[0m  [1m[34mSELECT "categories".* FROM "categories" WHERE "categories"."id" = $1 LIMIT $2[0m  [["id", 3], ["LIMIT", 1]]
[active_model_serializers]   ↳ app/controllers/products_controller.rb:4:in `index'
[active_model_serializers]   [1m[36mCACHE Category Load (0.0ms)[0m  [1m[34mSELECT "categories".* FROM "categories" WHERE "categories"."id" = $1 LIMIT $2[0m  [["id", 3], ["LIMIT", 1]]
[active_model_serializers]   ↳ app/controllers/products_controller.rb:4:in `index'
[active_model_serializers]   [1m[36mCACHE Category Load (0.1ms)[0m  [1m[34mSELECT "categories".* FROM "categories" WHERE "categories"."id" = $1 LIMIT $2[0m  [["id", 3], ["LIMIT", 1]]
[active_model_serializers]   ↳ app/controllers/products_controller.rb:4:in `index'
[active_model_serializers]   [1m[36mCACHE Category Load (0.0ms)[0m  [1m[34mSELECT "categories".* FROM "categories" WHERE "categories"."id" = $1 LIMIT $2[0m  [["id", 1], ["LIMIT", 1]]
[active_model_serializers]   ↳ app/controllers/products_controller.rb:4:in `index'
[active_model_serializers]   [1m[36mCACHE Category Load (0.0ms)[0m  [1m[34mSELECT "categories".* FROM "categories" WHERE "categories"."id" = $1 LIMIT $2[0m  [["id", 2], ["LIMIT", 1]]
[active_model_serializers]   ↳ app/controllers/products_controller.rb:4:in `index'
[active_model_serializers]   [1m[36mCACHE Category Load (0.0ms)[0m  [1m[34mSELECT "categories".* FROM "categories" WHERE "categories"."id" = $1 LIMIT $2[0m  [["id", 1], ["LIMIT", 1]]
[active_model_serializers]   ↳ app/controllers/products_controller.rb:4:in `index'
[active_model_serializers]   [1m[36mCACHE Category Load (0.0ms)[0m  [1m[34mSELECT "categories".* FROM "categories" WHERE "categories"."id" = $1 LIMIT $2[0m  [["id", 2], ["LIMIT", 1]]
[active_model_serializers]   ↳ app/controllers/products_controller.rb:4:in `index'
[active_model_serializers]   [1m[36mCACHE Category Load (0.0ms)[0m  [1m[34mSELECT "categories".* FROM "categories" WHERE "categories"."id" = $1 LIMIT $2[0m  [["id", 2], ["LIMIT", 1]]
[active_model_serializers]   ↳ app/controllers/products_controller.rb:4:in `index'
[active_model_serializers]   [1m[36mCACHE Category Load (0.0ms)[0m  [1m[34mSELECT "categories".* FROM "categories" WHERE "categories"."id" = $1 LIMIT $2[0m  [["id", 2], ["LIMIT", 1]]
[active_model_serializers]   ↳ app/controllers/products_controller.rb:4:in `index'
[active_model_serializers] Rendered ActiveModel::Serializer::CollectionSerializer with ActiveModelSerializers::Adapter::Attributes (231.78ms)
Completed 200 OK in 316ms (Views: 260.9ms | ActiveRecord: 36.5ms | Allocations: 62651)


Started POST "/signup" for ::1 at 2023-05-01 01:10:40 +0300
Processing by UsersController#signup as */*
  Parameters: {"email"=>"sam@mail.com", "first_name"=>"David", "last_name"=>"Ndungu", "address"=>"123 Main", "phone"=>"0789", "password"=>"[FILTERED]", "user_type"=>"", "user"=>{"email"=>"sam@mail.com", "first_name"=>"David", "last_name"=>"Ndungu", "address"=>"123 Main", "phone"=>"0789"}}
  [1m[36mTRANSACTION (7.6ms)[0m  [1m[35mBEGIN[0m
  ↳ app/controllers/users_controller.rb:18:in `signup'
  [1m[36mUser Exists? (0.9ms)[0m  [1m[34mSELECT 1 AS one FROM "users" WHERE "users"."email" = $1 LIMIT $2[0m  [["email", "sam@mail.com"], ["LIMIT", 1]]
  ↳ app/controllers/users_controller.rb:18:in `signup'
  [1m[36mUser Create (1.6ms)[0m  [1m[32mINSERT INTO "users" ("email", "password_digest", "created_at", "updated_at", "first_name", "last_name", "address", "phone") VALUES ($1, $2, $3, $4, $5, $6, $7, $8) RETURNING "id"[0m  [["email", "sam@mail.com"], ["password_digest", "[FILTERED]"], ["created_at", "2023-04-30 22:10:40.780779"], ["updated_at", "2023-04-30 22:10:40.780779"], ["first_name", "David"], ["last_name", "Ndungu"], ["address", "123 Main"], ["phone", "0789"]]
  ↳ app/controllers/users_controller.rb:18:in `signup'
  [1m[36mTRANSACTION (1.3ms)[0m  [1m[35mCOMMIT[0m
  ↳ app/controllers/users_controller.rb:18:in `signup'
  [1m[36mTRANSACTION (0.2ms)[0m  [1m[35mBEGIN[0m
  ↳ app/controllers/users_controller.rb:23:in `signup'
  [1m[36mUser Exists? (1.8ms)[0m  [1m[34mSELECT 1 AS one FROM "users" WHERE "users"."email" = $1 AND "users"."id" != $2 LIMIT $3[0m  [["email", "sam@mail.com"], ["id", 3], ["LIMIT", 1]]
  ↳ app/controllers/users_controller.rb:23:in `signup'
  [1m[36mTRANSACTION (0.2ms)[0m  [1m[35mCOMMIT[0m
  ↳ app/controllers/users_controller.rb:23:in `signup'
[active_model_serializers]   [1m[36mFarmer Load (1.2ms)[0m  [1m[34mSELECT "farmers".* FROM "farmers" WHERE "farmers"."user_id" = $1 LIMIT $2[0m  [["user_id", 3], ["LIMIT", 1]]
[active_model_serializers]   ↳ app/controllers/users_controller.rb:26:in `signup'
[active_model_serializers]   [1m[36mCustomer Load (1.3ms)[0m  [1m[34mSELECT "customers".* FROM "customers" WHERE "customers"."user_id" = $1 LIMIT $2[0m  [["user_id", 3], ["LIMIT", 1]]
[active_model_serializers]   ↳ app/controllers/users_controller.rb:26:in `signup'
[active_model_serializers] Rendered UserSerializer with ActiveModelSerializers::Adapter::Attributes (27.99ms)
Completed 200 OK in 362ms (Views: 45.0ms | ActiveRecord: 22.5ms | Allocations: 22485)


Started POST "/signin" for ::1 at 2023-05-01 01:10:55 +0300
Processing by UsersController#signin as */*
  Parameters: {"email"=>"sam@mail.com", "password"=>"[FILTERED]", "user"=>{"email"=>"sam@mail.com"}}
  [1m[36mUser Load (0.4ms)[0m  [1m[34mSELECT "users".* FROM "users" WHERE "users"."email" = $1 LIMIT $2[0m  [["email", "sam@mail.com"], ["LIMIT", 1]]
  ↳ app/controllers/users_controller.rb:7:in `signin'
[active_model_serializers] Rendered ActiveModel::Serializer::Null with Hash (0.07ms)
Completed 400 Bad Request in 269ms (Views: 0.6ms | ActiveRecord: 0.4ms | Allocations: 901)


Started POST "/signup" for ::1 at 2023-05-01 01:11:13 +0300
Processing by UsersController#signup as */*
  Parameters: {"email"=>"cal@mail.com", "first_name"=>"David", "last_name"=>"Lek", "address"=>"123 Main", "phone"=>"0789234213", "password"=>"[FILTERED]", "user_type"=>"", "user"=>{"email"=>"cal@mail.com", "first_name"=>"David", "last_name"=>"Lek", "address"=>"123 Main", "phone"=>"0789234213"}}
  [1m[36mTRANSACTION (0.1ms)[0m  [1m[35mBEGIN[0m
  ↳ app/controllers/users_controller.rb:18:in `signup'
  [1m[36mUser Exists? (0.4ms)[0m  [1m[34mSELECT 1 AS one FROM "users" WHERE "users"."email" = $1 LIMIT $2[0m  [["email", "cal@mail.com"], ["LIMIT", 1]]
  ↳ app/controllers/users_controller.rb:18:in `signup'
  [1m[36mUser Create (0.4ms)[0m  [1m[32mINSERT INTO "users" ("email", "password_digest", "created_at", "updated_at", "first_name", "last_name", "address", "phone") VALUES ($1, $2, $3, $4, $5, $6, $7, $8) RETURNING "id"[0m  [["email", "cal@mail.com"], ["password_digest", "[FILTERED]"], ["created_at", "2023-04-30 22:11:14.185550"], ["updated_at", "2023-04-30 22:11:14.185550"], ["first_name", "David"], ["last_name", "Lek"], ["address", "123 Main"], ["phone", "0789234213"]]
  ↳ app/controllers/users_controller.rb:18:in `signup'
  [1m[36mTRANSACTION (7.4ms)[0m  [1m[35mCOMMIT[0m
  ↳ app/controllers/users_controller.rb:18:in `signup'
  [1m[36mTRANSACTION (0.2ms)[0m  [1m[35mBEGIN[0m
  ↳ app/controllers/users_controller.rb:23:in `signup'
  [1m[36mUser Exists? (0.4ms)[0m  [1m[34mSELECT 1 AS one FROM "users" WHERE "users"."email" = $1 AND "users"."id" != $2 LIMIT $3[0m  [["email", "cal@mail.com"], ["id", 4], ["LIMIT", 1]]
  ↳ app/controllers/users_controller.rb:23:in `signup'
  [1m[36mTRANSACTION (0.2ms)[0m  [1m[35mCOMMIT[0m
  ↳ app/controllers/users_controller.rb:23:in `signup'
[active_model_serializers]   [1m[36mFarmer Load (0.4ms)[0m  [1m[34mSELECT "farmers".* FROM "farmers" WHERE "farmers"."user_id" = $1 LIMIT $2[0m  [["user_id", 4], ["LIMIT", 1]]
[active_model_serializers]   ↳ app/controllers/users_controller.rb:26:in `signup'
[active_model_serializers]   [1m[36mCustomer Load (0.4ms)[0m  [1m[34mSELECT "customers".* FROM "customers" WHERE "customers"."user_id" = $1 LIMIT $2[0m  [["user_id", 4], ["LIMIT", 1]]
[active_model_serializers]   ↳ app/controllers/users_controller.rb:26:in `signup'
[active_model_serializers] Rendered UserSerializer with ActiveModelSerializers::Adapter::Attributes (8.47ms)
Completed 200 OK in 353ms (Views: 8.4ms | ActiveRecord: 9.8ms | Allocations: 6893)


Started POST "/signin" for ::1 at 2023-05-01 01:11:22 +0300
Processing by UsersController#signin as */*
  Parameters: {"email"=>"cal@mail.com", "password"=>"[FILTERED]", "user"=>{"email"=>"cal@mail.com"}}
  [1m[36mUser Load (1.4ms)[0m  [1m[34mSELECT "users".* FROM "users" WHERE "users"."email" = $1 LIMIT $2[0m  [["email", "cal@mail.com"], ["LIMIT", 1]]
  ↳ app/controllers/users_controller.rb:7:in `signin'
[active_model_serializers] Rendered ActiveModel::Serializer::Null with Hash (0.34ms)
Completed 200 OK in 303ms (Views: 0.8ms | ActiveRecord: 1.4ms | Allocations: 942)


Started POST "/signin" for ::1 at 2023-05-01 01:15:08 +0300
Processing by UsersController#signin as */*
  Parameters: {"email"=>"cal@mail.com", "password"=>"[FILTERED]", "user"=>{"email"=>"cal@mail.com"}}
  [1m[36mUser Load (0.7ms)[0m  [1m[34mSELECT "users".* FROM "users" WHERE "users"."email" = $1 LIMIT $2[0m  [["email", "cal@mail.com"], ["LIMIT", 1]]
  ↳ app/controllers/users_controller.rb:7:in `signin'
[active_model_serializers] Rendered ActiveModel::Serializer::Null with Hash (0.31ms)
Completed 200 OK in 279ms (Views: 1.1ms | ActiveRecord: 0.7ms | Allocations: 887)


Started GET "/validate" for ::1 at 2023-05-01 01:15:14 +0300
Processing by UsersController#validate as */*
  [1m[36mUser Load (0.4ms)[0m  [1m[34mSELECT "users".* FROM "users" WHERE "users"."id" = $1 LIMIT $2[0m  [["id", 4], ["LIMIT", 1]]
  ↳ app/controllers/application_controller.rb:5:in `get_current_user'
[active_model_serializers] Rendered ActiveModel::Serializer::Null with Hash (0.35ms)
Completed 200 OK in 3ms (Views: 0.8ms | ActiveRecord: 0.4ms | Allocations: 891)


Started GET "/validate" for ::1 at 2023-05-01 01:16:07 +0300
Processing by UsersController#validate as */*
  [1m[36mUser Load (0.3ms)[0m  [1m[34mSELECT "users".* FROM "users" WHERE "users"."id" = $1 LIMIT $2[0m  [["id", 4], ["LIMIT", 1]]
  ↳ app/controllers/application_controller.rb:5:in `get_current_user'
[active_model_serializers] Rendered ActiveModel::Serializer::Null with Hash (0.41ms)
Completed 200 OK in 4ms (Views: 0.9ms | ActiveRecord: 0.3ms | Allocations: 871)


Started GET "/validate" for ::1 at 2023-05-01 01:16:38 +0300
Processing by UsersController#validate as */*
  [1m[36mUser Load (0.7ms)[0m  [1m[34mSELECT "users".* FROM "users" WHERE "users"."id" = $1 LIMIT $2[0m  [["id", 4], ["LIMIT", 1]]
  ↳ app/controllers/application_controller.rb:5:in `get_current_user'
[active_model_serializers] Rendered ActiveModel::Serializer::Null with Hash (0.59ms)
Completed 200 OK in 5ms (Views: 1.2ms | ActiveRecord: 0.7ms | Allocations: 871)


Started GET "/validate" for ::1 at 2023-05-01 01:16:39 +0300
Processing by UsersController#validate as */*
  [1m[36mUser Load (0.6ms)[0m  [1m[34mSELECT "users".* FROM "users" WHERE "users"."id" = $1 LIMIT $2[0m  [["id", 4], ["LIMIT", 1]]
  ↳ app/controllers/application_controller.rb:5:in `get_current_user'
[active_model_serializers] Rendered ActiveModel::Serializer::Null with Hash (0.52ms)
Completed 200 OK in 6ms (Views: 1.1ms | ActiveRecord: 0.6ms | Allocations: 872)


Started GET "/validate" for ::1 at 2023-05-01 01:35:59 +0300
Processing by UsersController#validate as */*
  [1m[36mUser Load (0.9ms)[0m  [1m[34mSELECT "users".* FROM "users" WHERE "users"."id" = $1 LIMIT $2[0m  [["id", 4], ["LIMIT", 1]]
  ↳ app/controllers/application_controller.rb:5:in `get_current_user'
[active_model_serializers] Rendered ActiveModel::Serializer::Null with Hash (0.46ms)
Completed 200 OK in 37ms (Views: 1.0ms | ActiveRecord: 21.6ms | Allocations: 3894)


Started GET "/validate" for ::1 at 2023-05-01 01:43:29 +0300
Processing by UsersController#validate as */*
  [1m[36mUser Load (0.5ms)[0m  [1m[34mSELECT "users".* FROM "users" WHERE "users"."id" = $1 LIMIT $2[0m  [["id", 4], ["LIMIT", 1]]
  ↳ app/controllers/application_controller.rb:5:in `get_current_user'
[active_model_serializers] Rendered ActiveModel::Serializer::Null with Hash (0.63ms)
Completed 200 OK in 23ms (Views: 1.8ms | ActiveRecord: 9.7ms | Allocations: 3732)


Started GET "/validate" for ::1 at 2023-05-01 01:44:14 +0300
Processing by UsersController#validate as */*
  [1m[36mUser Load (0.4ms)[0m  [1m[34mSELECT "users".* FROM "users" WHERE "users"."id" = $1 LIMIT $2[0m  [["id", 4], ["LIMIT", 1]]
  ↳ app/controllers/application_controller.rb:5:in `get_current_user'
[active_model_serializers] Rendered ActiveModel::Serializer::Null with Hash (0.54ms)
Completed 200 OK in 4ms (Views: 1.3ms | ActiveRecord: 0.4ms | Allocations: 871)


Started GET "/validate" for ::1 at 2023-05-01 02:15:44 +0300
Processing by UsersController#validate as */*
  [1m[36mUser Load (1.8ms)[0m  [1m[34mSELECT "users".* FROM "users" WHERE "users"."id" = $1 LIMIT $2[0m  [["id", 4], ["LIMIT", 1]]
  ↳ app/controllers/application_controller.rb:5:in `get_current_user'
[active_model_serializers] Rendered ActiveModel::Serializer::Null with Hash (0.71ms)
Completed 200 OK in 42ms (Views: 1.7ms | ActiveRecord: 16.8ms | Allocations: 3732)


Started GET "/validate" for ::1 at 2023-05-01 02:17:32 +0300
Processing by UsersController#validate as */*
  [1m[36mUser Load (1.1ms)[0m  [1m[34mSELECT "users".* FROM "users" WHERE "users"."id" = $1 LIMIT $2[0m  [["id", 4], ["LIMIT", 1]]
  ↳ app/controllers/application_controller.rb:5:in `get_current_user'
[active_model_serializers] Rendered ActiveModel::Serializer::Null with Hash (0.52ms)
Completed 200 OK in 5ms (Views: 1.1ms | ActiveRecord: 1.1ms | Allocations: 871)


Started GET "/validate" for ::1 at 2023-05-01 02:18:09 +0300
Processing by UsersController#validate as */*
  [1m[36mUser Load (0.4ms)[0m  [1m[34mSELECT "users".* FROM "users" WHERE "users"."id" = $1 LIMIT $2[0m  [["id", 4], ["LIMIT", 1]]
  ↳ app/controllers/application_controller.rb:5:in `get_current_user'
[active_model_serializers] Rendered ActiveModel::Serializer::Null with Hash (0.56ms)
Completed 200 OK in 5ms (Views: 1.2ms | ActiveRecord: 0.4ms | Allocations: 871)


Started GET "/validate" for ::1 at 2023-05-01 02:24:42 +0300
Processing by UsersController#validate as */*
  [1m[36mUser Load (0.7ms)[0m  [1m[34mSELECT "users".* FROM "users" WHERE "users"."id" = $1 LIMIT $2[0m  [["id", 4], ["LIMIT", 1]]
  ↳ app/controllers/application_controller.rb:5:in `get_current_user'
[active_model_serializers] Rendered ActiveModel::Serializer::Null with Hash (0.63ms)
Completed 200 OK in 57ms (Views: 1.3ms | ActiveRecord: 10.7ms | Allocations: 3761)


Started GET "/validate" for ::1 at 2023-05-01 02:27:33 +0300
Processing by UsersController#validate as */*
  [1m[36mUser Load (1.0ms)[0m  [1m[34mSELECT "users".* FROM "users" WHERE "users"."id" = $1 LIMIT $2[0m  [["id", 4], ["LIMIT", 1]]
  ↳ app/controllers/application_controller.rb:5:in `get_current_user'
[active_model_serializers] Rendered ActiveModel::Serializer::Null with Hash (0.53ms)
Completed 200 OK in 4ms (Views: 1.2ms | ActiveRecord: 1.0ms | Allocations: 871)


Started POST "/signup" for ::1 at 2023-05-01 02:28:21 +0300
Processing by UsersController#signup as */*
  Parameters: {"email"=>"test@mail.com", "first_name"=>"Robert", "last_name"=>"Lek", "address"=>"123 Main", "phone"=>"07893", "password"=>"[FILTERED]", "user_type"=>"customer", "user"=>{"email"=>"test@mail.com", "first_name"=>"Robert", "last_name"=>"Lek", "address"=>"123 Main", "phone"=>"07893"}}
  [1m[36mTRANSACTION (0.2ms)[0m  [1m[35mBEGIN[0m
  ↳ app/controllers/users_controller.rb:18:in `signup'
  [1m[36mUser Exists? (1.1ms)[0m  [1m[34mSELECT 1 AS one FROM "users" WHERE "users"."email" = $1 LIMIT $2[0m  [["email", "test@mail.com"], ["LIMIT", 1]]
  ↳ app/controllers/users_controller.rb:18:in `signup'
  [1m[36mUser Create (0.7ms)[0m  [1m[32mINSERT INTO "users" ("email", "password_digest", "created_at", "updated_at", "first_name", "last_name", "address", "phone") VALUES ($1, $2, $3, $4, $5, $6, $7, $8) RETURNING "id"[0m  [["email", "test@mail.com"], ["password_digest", "[FILTERED]"], ["created_at", "2023-04-30 23:28:21.933852"], ["updated_at", "2023-04-30 23:28:21.933852"], ["first_name", "Robert"], ["last_name", "Lek"], ["address", "123 Main"], ["phone", "07893"]]
  ↳ app/controllers/users_controller.rb:18:in `signup'
  [1m[36mTRANSACTION (8.0ms)[0m  [1m[35mCOMMIT[0m
  ↳ app/controllers/users_controller.rb:18:in `signup'
  [1m[36mTRANSACTION (0.2ms)[0m  [1m[35mBEGIN[0m
  ↳ app/models/user.rb:17:in `define_user_type'
  [1m[36mUser Load (0.4ms)[0m  [1m[34mSELECT "users".* FROM "users" WHERE "users"."id" = $1 LIMIT $2[0m  [["id", 5], ["LIMIT", 1]]
  ↳ app/models/user.rb:17:in `define_user_type'
  [1m[36mCustomer Create (3.0ms)[0m  [1m[32mINSERT INTO "customers" ("created_at", "updated_at", "user_id") VALUES ($1, $2, $3) RETURNING "id"[0m  [["created_at", "2023-04-30 23:28:21.956953"], ["updated_at", "2023-04-30 23:28:21.956953"], ["user_id", 5]]
  ↳ app/models/user.rb:17:in `define_user_type'
  [1m[36mTRANSACTION (1.1ms)[0m  [1m[35mCOMMIT[0m
  ↳ app/models/user.rb:17:in `define_user_type'
  [1m[36mTRANSACTION (0.2ms)[0m  [1m[35mBEGIN[0m
  ↳ app/controllers/users_controller.rb:23:in `signup'
  [1m[36mUser Exists? (0.5ms)[0m  [1m[34mSELECT 1 AS one FROM "users" WHERE "users"."email" = $1 AND "users"."id" != $2 LIMIT $3[0m  [["email", "test@mail.com"], ["id", 5], ["LIMIT", 1]]
  ↳ app/controllers/users_controller.rb:23:in `signup'
  [1m[36mUser Update (1.0ms)[0m  [1m[33mUPDATE "users" SET "updated_at" = $1, "customer_id" = $2 WHERE "users"."id" = $3[0m  [["updated_at", "2023-04-30 23:28:21.969416"], ["customer_id", 2], ["id", 5]]
  ↳ app/controllers/users_controller.rb:23:in `signup'
  [1m[36mTRANSACTION (0.9ms)[0m  [1m[35mCOMMIT[0m
  ↳ app/controllers/users_controller.rb:23:in `signup'
[active_model_serializers]   [1m[36mFarmer Load (0.4ms)[0m  [1m[34mSELECT "farmers".* FROM "farmers" WHERE "farmers"."user_id" = $1 LIMIT $2[0m  [["user_id", 5], ["LIMIT", 1]]
[active_model_serializers]   ↳ app/controllers/users_controller.rb:26:in `signup'
[active_model_serializers]   [1m[36mCustomer Load (0.3ms)[0m  [1m[34mSELECT "customers".* FROM "customers" WHERE "customers"."user_id" = $1 LIMIT $2[0m  [["user_id", 5], ["LIMIT", 1]]
[active_model_serializers]   ↳ app/controllers/users_controller.rb:26:in `signup'
[active_model_serializers] Rendered UserSerializer with ActiveModelSerializers::Adapter::Attributes (22.86ms)
Completed 200 OK in 334ms (Views: 23.0ms | ActiveRecord: 20.9ms | Allocations: 14918)


Started POST "/signin" for ::1 at 2023-05-01 02:28:30 +0300
Processing by UsersController#signin as */*
  Parameters: {"email"=>"test@mail.com", "password"=>"[FILTERED]", "user"=>{"email"=>"test@mail.com"}}
  [1m[36mUser Load (0.8ms)[0m  [1m[34mSELECT "users".* FROM "users" WHERE "users"."email" = $1 LIMIT $2[0m  [["email", "test@mail.com"], ["LIMIT", 1]]
  ↳ app/controllers/users_controller.rb:7:in `signin'
[active_model_serializers] Rendered ActiveModel::Serializer::Null with Hash (0.34ms)
Completed 200 OK in 291ms (Views: 0.8ms | ActiveRecord: 0.8ms | Allocations: 1057)


Started GET "/products" for ::1 at 2023-05-01 02:28:30 +0300
Started GET "/categories" for ::1 at 2023-05-01 02:28:30 +0300
Processing by CategoriesController#index as */*
  [1m[36mCategory Load (0.8ms)[0m  [1m[34mSELECT "categories".* FROM "categories"[0m
  ↳ app/controllers/categories_controller.rb:5:in `map'
Processing by ProductsController#index as */*
No serializer found for resource: "Farm Products"
[active_model_serializers] Rendered ActiveModel::Serializer::CollectionSerializer with Array (0.11ms)
Completed 200 OK in 8ms (Views: 3.4ms | ActiveRecord: 0.8ms | Allocations: 1870)


  [1m[36mProduct Load (2.1ms)[0m  [1m[34mSELECT "products".* FROM "products"[0m
  ↳ app/controllers/products_controller.rb:4:in `index'
[active_model_serializers]   [1m[36mCategory Load (1.0ms)[0m  [1m[34mSELECT "categories".* FROM "categories" WHERE "categories"."id" = $1 LIMIT $2[0m  [["id", 1], ["LIMIT", 1]]
[active_model_serializers]   ↳ app/controllers/products_controller.rb:4:in `index'
[active_model_serializers]   [1m[36mCategory Load (0.4ms)[0m  [1m[34mSELECT "categories".* FROM "categories" WHERE "categories"."id" = $1 LIMIT $2[0m  [["id", 2], ["LIMIT", 1]]
[active_model_serializers]   ↳ app/controllers/products_controller.rb:4:in `index'
[active_model_serializers]   [1m[36mCACHE Category Load (0.1ms)[0m  [1m[34mSELECT "categories".* FROM "categories" WHERE "categories"."id" = $1 LIMIT $2[0m  [["id", 1], ["LIMIT", 1]]
[active_model_serializers]   ↳ app/controllers/products_controller.rb:4:in `index'
[active_model_serializers]   [1m[36mCACHE Category Load (0.1ms)[0m  [1m[34mSELECT "categories".* FROM "categories" WHERE "categories"."id" = $1 LIMIT $2[0m  [["id", 1], ["LIMIT", 1]]
[active_model_serializers]   ↳ app/controllers/products_controller.rb:4:in `index'
[active_model_serializers]   [1m[36mCACHE Category Load (0.0ms)[0m  [1m[34mSELECT "categories".* FROM "categories" WHERE "categories"."id" = $1 LIMIT $2[0m  [["id", 1], ["LIMIT", 1]]
[active_model_serializers]   ↳ app/controllers/products_controller.rb:4:in `index'
[active_model_serializers]   [1m[36mCACHE Category Load (0.0ms)[0m  [1m[34mSELECT "categories".* FROM "categories" WHERE "categories"."id" = $1 LIMIT $2[0m  [["id", 1], ["LIMIT", 1]]
[active_model_serializers]   ↳ app/controllers/products_controller.rb:4:in `index'
[active_model_serializers]   [1m[36mCACHE Category Load (0.0ms)[0m  [1m[34mSELECT "categories".* FROM "categories" WHERE "categories"."id" = $1 LIMIT $2[0m  [["id", 1], ["LIMIT", 1]]
[active_model_serializers]   ↳ app/controllers/products_controller.rb:4:in `index'
[active_model_serializers]   [1m[36mCACHE Category Load (0.0ms)[0m  [1m[34mSELECT "categories".* FROM "categories" WHERE "categories"."id" = $1 LIMIT $2[0m  [["id", 2], ["LIMIT", 1]]
[active_model_serializers]   ↳ app/controllers/products_controller.rb:4:in `index'
[active_model_serializers]   [1m[36mCACHE Category Load (0.0ms)[0m  [1m[34mSELECT "categories".* FROM "categories" WHERE "categories"."id" = $1 LIMIT $2[0m  [["id", 2], ["LIMIT", 1]]
[active_model_serializers]   ↳ app/controllers/products_controller.rb:4:in `index'
[active_model_serializers]   [1m[36mCACHE Category Load (0.0ms)[0m  [1m[34mSELECT "categories".* FROM "categories" WHERE "categories"."id" = $1 LIMIT $2[0m  [["id", 2], ["LIMIT", 1]]
[active_model_serializers]   ↳ app/controllers/products_controller.rb:4:in `index'
[active_model_serializers]   [1m[36mCACHE Category Load (0.0ms)[0m  [1m[34mSELECT "categories".* FROM "categories" WHERE "categories"."id" = $1 LIMIT $2[0m  [["id", 2], ["LIMIT", 1]]
[active_model_serializers]   ↳ app/controllers/products_controller.rb:4:in `index'
[active_model_serializers]   [1m[36mCategory Load (0.5ms)[0m  [1m[34mSELECT "categories".* FROM "categories" WHERE "categories"."id" = $1 LIMIT $2[0m  [["id", 3], ["LIMIT", 1]]
[active_model_serializers]   ↳ app/controllers/products_controller.rb:4:in `index'
[active_model_serializers]   [1m[36mCACHE Category Load (0.0ms)[0m  [1m[34mSELECT "categories".* FROM "categories" WHERE "categories"."id" = $1 LIMIT $2[0m  [["id", 3], ["LIMIT", 1]]
[active_model_serializers]   ↳ app/controllers/products_controller.rb:4:in `index'
[active_model_serializers]   [1m[36mCACHE Category Load (0.0ms)[0m  [1m[34mSELECT "categories".* FROM "categories" WHERE "categories"."id" = $1 LIMIT $2[0m  [["id", 3], ["LIMIT", 1]]
[active_model_serializers]   ↳ app/controllers/products_controller.rb:4:in `index'
[active_model_serializers]   [1m[36mCACHE Category Load (0.0ms)[0m  [1m[34mSELECT "categories".* FROM "categories" WHERE "categories"."id" = $1 LIMIT $2[0m  [["id", 3], ["LIMIT", 1]]
[active_model_serializers]   ↳ app/controllers/products_controller.rb:4:in `index'
[active_model_serializers]   [1m[36mCACHE Category Load (0.0ms)[0m  [1m[34mSELECT "categories".* FROM "categories" WHERE "categories"."id" = $1 LIMIT $2[0m  [["id", 3], ["LIMIT", 1]]
[active_model_serializers]   ↳ app/controllers/products_controller.rb:4:in `index'
[active_model_serializers]   [1m[36mCACHE Category Load (0.0ms)[0m  [1m[34mSELECT "categories".* FROM "categories" WHERE "categories"."id" = $1 LIMIT $2[0m  [["id", 2], ["LIMIT", 1]]
[active_model_serializers]   ↳ app/controllers/products_controller.rb:4:in `index'
[active_model_serializers]   [1m[36mCACHE Category Load (0.0ms)[0m  [1m[34mSELECT "categories".* FROM "categories" WHERE "categories"."id" = $1 LIMIT $2[0m  [["id", 2], ["LIMIT", 1]]
[active_model_serializers]   ↳ app/controllers/products_controller.rb:4:in `index'
[active_model_serializers]   [1m[36mCACHE Category Load (0.4ms)[0m  [1m[34mSELECT "categories".* FROM "categories" WHERE "categories"."id" = $1 LIMIT $2[0m  [["id", 1], ["LIMIT", 1]]
[active_model_serializers]   ↳ app/controllers/products_controller.rb:4:in `index'
[active_model_serializers]   [1m[36mCACHE Category Load (0.0ms)[0m  [1m[34mSELECT "categories".* FROM "categories" WHERE "categories"."id" = $1 LIMIT $2[0m  [["id", 2], ["LIMIT", 1]]
[active_model_serializers]   ↳ app/controllers/products_controller.rb:4:in `index'
[active_model_serializers]   [1m[36mCACHE Category Load (0.0ms)[0m  [1m[34mSELECT "categories".* FROM "categories" WHERE "categories"."id" = $1 LIMIT $2[0m  [["id", 1], ["LIMIT", 1]]
[active_model_serializers]   ↳ app/controllers/products_controller.rb:4:in `index'
[active_model_serializers]   [1m[36mCACHE Category Load (0.0ms)[0m  [1m[34mSELECT "categories".* FROM "categories" WHERE "categories"."id" = $1 LIMIT $2[0m  [["id", 1], ["LIMIT", 1]]
[active_model_serializers]   ↳ app/controllers/products_controller.rb:4:in `index'
[active_model_serializers]   [1m[36mCACHE Category Load (0.1ms)[0m  [1m[34mSELECT "categories".* FROM "categories" WHERE "categories"."id" = $1 LIMIT $2[0m  [["id", 2], ["LIMIT", 1]]
[active_model_serializers]   ↳ app/controllers/products_controller.rb:4:in `index'
[active_model_serializers]   [1m[36mCACHE Category Load (0.0ms)[0m  [1m[34mSELECT "categories".* FROM "categories" WHERE "categories"."id" = $1 LIMIT $2[0m  [["id", 2], ["LIMIT", 1]]
[active_model_serializers]   ↳ app/controllers/products_controller.rb:4:in `index'
[active_model_serializers]   [1m[36mCACHE Category Load (0.1ms)[0m  [1m[34mSELECT "categories".* FROM "categories" WHERE "categories"."id" = $1 LIMIT $2[0m  [["id", 3], ["LIMIT", 1]]
[active_model_serializers]   ↳ app/controllers/products_controller.rb:4:in `index'
[active_model_serializers]   [1m[36mCACHE Category Load (0.0ms)[0m  [1m[34mSELECT "categories".* FROM "categories" WHERE "categories"."id" = $1 LIMIT $2[0m  [["id", 3], ["LIMIT", 1]]
[active_model_serializers]   ↳ app/controllers/products_controller.rb:4:in `index'
[active_model_serializers]   [1m[36mCACHE Category Load (0.0ms)[0m  [1m[34mSELECT "categories".* FROM "categories" WHERE "categories"."id" = $1 LIMIT $2[0m  [["id", 3], ["LIMIT", 1]]
[active_model_serializers]   ↳ app/controllers/products_controller.rb:4:in `index'
[active_model_serializers]   [1m[36mCACHE Category Load (0.2ms)[0m  [1m[34mSELECT "categories".* FROM "categories" WHERE "categories"."id" = $1 LIMIT $2[0m  [["id", 3], ["LIMIT", 1]]
[active_model_serializers]   ↳ app/controllers/products_controller.rb:4:in `index'
[active_model_serializers]   [1m[36mCACHE Category Load (0.0ms)[0m  [1m[34mSELECT "categories".* FROM "categories" WHERE "categories"."id" = $1 LIMIT $2[0m  [["id", 3], ["LIMIT", 1]]
[active_model_serializers]   ↳ app/controllers/products_controller.rb:4:in `index'
[active_model_serializers]   [1m[36mCACHE Category Load (0.0ms)[0m  [1m[34mSELECT "categories".* FROM "categories" WHERE "categories"."id" = $1 LIMIT $2[0m  [["id", 3], ["LIMIT", 1]]
[active_model_serializers]   ↳ app/controllers/products_controller.rb:4:in `index'
[active_model_serializers]   [1m[36mCACHE Category Load (0.0ms)[0m  [1m[34mSELECT "categories".* FROM "categories" WHERE "categories"."id" = $1 LIMIT $2[0m  [["id", 3], ["LIMIT", 1]]
[active_model_serializers]   ↳ app/controllers/products_controller.rb:4:in `index'
[active_model_serializers]   [1m[36mCACHE Category Load (0.0ms)[0m  [1m[34mSELECT "categories".* FROM "categories" WHERE "categories"."id" = $1 LIMIT $2[0m  [["id", 1], ["LIMIT", 1]]
[active_model_serializers]   ↳ app/controllers/products_controller.rb:4:in `index'
[active_model_serializers]   [1m[36mCACHE Category Load (0.0ms)[0m  [1m[34mSELECT "categories".* FROM "categories" WHERE "categories"."id" = $1 LIMIT $2[0m  [["id", 2], ["LIMIT", 1]]
[active_model_serializers]   ↳ app/controllers/products_controller.rb:4:in `index'
[active_model_serializers]   [1m[36mCACHE Category Load (0.0ms)[0m  [1m[34mSELECT "categories".* FROM "categories" WHERE "categories"."id" = $1 LIMIT $2[0m  [["id", 1], ["LIMIT", 1]]
[active_model_serializers]   ↳ app/controllers/products_controller.rb:4:in `index'
[active_model_serializers]   [1m[36mCACHE Category Load (0.0ms)[0m  [1m[34mSELECT "categories".* FROM "categories" WHERE "categories"."id" = $1 LIMIT $2[0m  [["id", 2], ["LIMIT", 1]]
[active_model_serializers]   ↳ app/controllers/products_controller.rb:4:in `index'
[active_model_serializers]   [1m[36mCACHE Category Load (0.0ms)[0m  [1m[34mSELECT "categories".* FROM "categories" WHERE "categories"."id" = $1 LIMIT $2[0m  [["id", 2], ["LIMIT", 1]]
[active_model_serializers]   ↳ app/controllers/products_controller.rb:4:in `index'
[active_model_serializers]   [1m[36mCACHE Category Load (0.0ms)[0m  [1m[34mSELECT "categories".* FROM "categories" WHERE "categories"."id" = $1 LIMIT $2[0m  [["id", 2], ["LIMIT", 1]]
[active_model_serializers]   ↳ app/controllers/products_controller.rb:4:in `index'
[active_model_serializers] Rendered ActiveModel::Serializer::CollectionSerializer with ActiveModelSerializers::Adapter::Attributes (168.18ms)
Completed 200 OK in 199ms (Views: 180.6ms | ActiveRecord: 17.4ms | Allocations: 43998)


